<?xml version="1.0" encoding="UTF-8" ?>
<testsuite tests="37" failures="0" name="cucumberoptions.RunCukeTest" time="2.895" errors="0" skipped="0">
  <properties>
[...]
</properties>
  <testcase classname="| Amazon.co.uk: Low Prices in Electronics, Books, Sports Equipment &amp; more | Books | Harry Potter and the Cursed Child - Parts One &amp; Two | Paperback | £3.99 |" name="Given web browser is at web page &quot;Amazon.co.uk: Low Prices in Electronics, Books, Sports Equipment &amp; more&quot;" time="0.001"/>
  <testcase classname="| Amazon.co.uk: Low Prices in Electronics, Books, Sports Equipment &amp; more | Books | Harry Potter and the Cursed Child - Parts One &amp; Two | Paperback | £3.99 |" name="And user chooses section from dropdown &quot;Books&quot;" time="0"/>
  <testcase classname="| Amazon.co.uk: Low Prices in Electronics, Books, Sports Equipment &amp; more | Books | Harry Potter and the Cursed Child - Parts One &amp; Two | Paperback | £3.99 |" name="When user enters item in search field &quot;Harry Potter and the Cursed Child - Parts One &amp; Two&quot;" time="0"/>
  <testcase classname="| Amazon.co.uk: Low Prices in Electronics, Books, Sports Equipment &amp; more | Books | Harry Potter and the Cursed Child - Parts One &amp; Two | Paperback | £3.99 |" name="Then results for item are shown &quot;Harry Potter and the Cursed Child - Parts One &amp; Two&quot;" time="0"/>
  <testcase classname="| Amazon.co.uk: Low Prices in Electronics, Books, Sports Equipment &amp; more | Books | Harry Potter and the Cursed Child - Parts One &amp; Two | Paperback | £3.99 |" name="And first item that appears in search result has type &quot;Paperback&quot;" time="0"/>
  <testcase classname="| Amazon.co.uk: Low Prices in Electronics, Books, Sports Equipment &amp; more | Books | Harry Potter and the Cursed Child - Parts One &amp; Two | Paperback | £3.99 |" name="And first item that appears in search result has price &quot;£3.99&quot;" time="0"/>
  <testcase classname="| Amazon.co.uk: Low Prices in Electronics, Books, Sports Equipment &amp; more | Books | Harry Potter and the Cursed Child - Parts One &amp; Two | Paperback | £3.99 |" name="| Amazon.co.uk: Low Prices in Electronics, Books, Sports Equipment &amp; more | Books | Harry Potter and the Cursed Child - Parts One &amp; Two | Paperback | £3.99 |" time="0.775"/>
  <testcase classname="| Amazon.co.uk: Low Prices in Electronics, Books, Sports Equipment &amp; more | Books | Harry Potter and the Cursed Child | Paperback | £3.99 |" name="Given web browser is at web page &quot;Amazon.co.uk: Low Prices in Electronics, Books, Sports Equipment &amp; more&quot;" time="0"/>
  <testcase classname="| Amazon.co.uk: Low Prices in Electronics, Books, Sports Equipment &amp; more | Books | Harry Potter and the Cursed Child | Paperback | £3.99 |" name="And user chooses section from dropdown &quot;Books&quot;" time="0"/>
  <testcase classname="| Amazon.co.uk: Low Prices in Electronics, Books, Sports Equipment &amp; more | Books | Harry Potter and the Cursed Child | Paperback | £3.99 |" name="And user enters item in search field &quot;Harry Potter and the Cursed Child&quot;" time="0"/>
  <testcase classname="| Amazon.co.uk: Low Prices in Electronics, Books, Sports Equipment &amp; more | Books | Harry Potter and the Cursed Child | Paperback | £3.99 |" name="When user clicks on first item that appears in search result" time="0"/>
  <testcase classname="| Amazon.co.uk: Low Prices in Electronics, Books, Sports Equipment &amp; more | Books | Harry Potter and the Cursed Child | Paperback | £3.99 |" name="Then new web page is loaded with item details &quot;Harry Potter and the Cursed Child&quot;" time="0"/>
  <testcase classname="| Amazon.co.uk: Low Prices in Electronics, Books, Sports Equipment &amp; more | Books | Harry Potter and the Cursed Child | Paperback | £3.99 |" name="And item has title &quot;Harry Potter and the Cursed Child&quot;" time="0"/>
  <testcase classname="| Amazon.co.uk: Low Prices in Electronics, Books, Sports Equipment &amp; more | Books | Harry Potter and the Cursed Child | Paperback | £3.99 |" name="And item has type &quot;Paperback&quot;" time="0"/>
  <testcase classname="| Amazon.co.uk: Low Prices in Electronics, Books, Sports Equipment &amp; more | Books | Harry Potter and the Cursed Child | Paperback | £3.99 |" name="And item has price &quot;£3.99&quot;" time="0"/>
  <testcase classname="| Amazon.co.uk: Low Prices in Electronics, Books, Sports Equipment &amp; more | Books | Harry Potter and the Cursed Child | Paperback | £3.99 |" name="| Amazon.co.uk: Low Prices in Electronics, Books, Sports Equipment &amp; more | Books | Harry Potter and the Cursed Child | Paperback | £3.99 |" time="0.708"/>
  <testcase classname="| Amazon.co.uk: Low Prices in Electronics, Books, Sports Equipment &amp; more | Books | Harry Potter and the Cursed Child - Parts One &amp; Two | Added to Basket | 1 |" name="Given web browser is at web page &quot;Amazon.co.uk: Low Prices in Electronics, Books, Sports Equipment &amp; more&quot;" time="0"/>
  <testcase classname="| Amazon.co.uk: Low Prices in Electronics, Books, Sports Equipment &amp; more | Books | Harry Potter and the Cursed Child - Parts One &amp; Two | Added to Basket | 1 |" name="And user chooses section from dropdown &quot;Books&quot;" time="0"/>
  <testcase classname="| Amazon.co.uk: Low Prices in Electronics, Books, Sports Equipment &amp; more | Books | Harry Potter and the Cursed Child - Parts One &amp; Two | Added to Basket | 1 |" name="And user enters item in search field &quot;Harry Potter and the Cursed Child - Parts One &amp; Two&quot;" time="0"/>
  <testcase classname="| Amazon.co.uk: Low Prices in Electronics, Books, Sports Equipment &amp; more | Books | Harry Potter and the Cursed Child - Parts One &amp; Two | Added to Basket | 1 |" name="And user clicks on first item that appears in search result" time="0"/>
  <testcase classname="| Amazon.co.uk: Low Prices in Electronics, Books, Sports Equipment &amp; more | Books | Harry Potter and the Cursed Child - Parts One &amp; Two | Added to Basket | 1 |" name="When user clicks on add button" time="0"/>
  <testcase classname="| Amazon.co.uk: Low Prices in Electronics, Books, Sports Equipment &amp; more | Books | Harry Potter and the Cursed Child - Parts One &amp; Two | Added to Basket | 1 |" name="Then notification is shown &quot;Added to Basket&quot;" time="0"/>
  <testcase classname="| Amazon.co.uk: Low Prices in Electronics, Books, Sports Equipment &amp; more | Books | Harry Potter and the Cursed Child - Parts One &amp; Two | Added to Basket | 1 |" name="And item has quantity &quot;1&quot;" time="0"/>
  <testcase classname="| Amazon.co.uk: Low Prices in Electronics, Books, Sports Equipment &amp; more | Books | Harry Potter and the Cursed Child - Parts One &amp; Two | Added to Basket | 1 |" name="| Amazon.co.uk: Low Prices in Electronics, Books, Sports Equipment &amp; more | Books | Harry Potter and the Cursed Child - Parts One &amp; Two | Added to Basket | 1 |" time="0.704"/>
  <testcase classname="| Amazon.co.uk: Low Prices in Electronics, Books, Sports Equipment &amp; more | Books | Harry Potter and the Cursed Child | Amazon.co.uk Shopping Basket | Shopping Basket | Paperback | £3.99 | 1 | £3.99 |" name="Given web browser is at web page &quot;Amazon.co.uk: Low Prices in Electronics, Books, Sports Equipment &amp; more&quot;" time="0"/>
  <testcase classname="| Amazon.co.uk: Low Prices in Electronics, Books, Sports Equipment &amp; more | Books | Harry Potter and the Cursed Child | Amazon.co.uk Shopping Basket | Shopping Basket | Paperback | £3.99 | 1 | £3.99 |" name="And user chooses section from dropdown &quot;Books&quot;" time="0"/>
  <testcase classname="| Amazon.co.uk: Low Prices in Electronics, Books, Sports Equipment &amp; more | Books | Harry Potter and the Cursed Child | Amazon.co.uk Shopping Basket | Shopping Basket | Paperback | £3.99 | 1 | £3.99 |" name="And user enters item in search field &quot;Harry Potter and the Cursed Child&quot;" time="0"/>
  <testcase classname="| Amazon.co.uk: Low Prices in Electronics, Books, Sports Equipment &amp; more | Books | Harry Potter and the Cursed Child | Amazon.co.uk Shopping Basket | Shopping Basket | Paperback | £3.99 | 1 | £3.99 |" name="And user clicks on first item that appears in search result" time="0"/>
  <testcase classname="| Amazon.co.uk: Low Prices in Electronics, Books, Sports Equipment &amp; more | Books | Harry Potter and the Cursed Child | Amazon.co.uk Shopping Basket | Shopping Basket | Paperback | £3.99 | 1 | £3.99 |" name="And user clicks on add button" time="0"/>
  <testcase classname="| Amazon.co.uk: Low Prices in Electronics, Books, Sports Equipment &amp; more | Books | Harry Potter and the Cursed Child | Amazon.co.uk Shopping Basket | Shopping Basket | Paperback | £3.99 | 1 | £3.99 |" name="When user clicks on edit button" time="0"/>
  <testcase classname="| Amazon.co.uk: Low Prices in Electronics, Books, Sports Equipment &amp; more | Books | Harry Potter and the Cursed Child | Amazon.co.uk Shopping Basket | Shopping Basket | Paperback | £3.99 | 1 | £3.99 |" name="Then new page &quot;Amazon.co.uk Shopping Basket&quot; is loaded with basket details &quot;Shopping Basket&quot;" time="0"/>
  <testcase classname="| Amazon.co.uk: Low Prices in Electronics, Books, Sports Equipment &amp; more | Books | Harry Potter and the Cursed Child | Amazon.co.uk Shopping Basket | Shopping Basket | Paperback | £3.99 | 1 | £3.99 |" name="And item in basket has title &quot;Harry Potter and the Cursed Child&quot;" time="0"/>
  <testcase classname="| Amazon.co.uk: Low Prices in Electronics, Books, Sports Equipment &amp; more | Books | Harry Potter and the Cursed Child | Amazon.co.uk Shopping Basket | Shopping Basket | Paperback | £3.99 | 1 | £3.99 |" name="And item in basket has type &quot;Paperback&quot;" time="0"/>
  <testcase classname="| Amazon.co.uk: Low Prices in Electronics, Books, Sports Equipment &amp; more | Books | Harry Potter and the Cursed Child | Amazon.co.uk Shopping Basket | Shopping Basket | Paperback | £3.99 | 1 | £3.99 |" name="And item in basket has price &quot;£3.99&quot;" time="0"/>
  <testcase classname="| Amazon.co.uk: Low Prices in Electronics, Books, Sports Equipment &amp; more | Books | Harry Potter and the Cursed Child | Amazon.co.uk Shopping Basket | Shopping Basket | Paperback | £3.99 | 1 | £3.99 |" name="And item in basket has quantity &quot;1&quot;" time="0"/>
  <testcase classname="| Amazon.co.uk: Low Prices in Electronics, Books, Sports Equipment &amp; more | Books | Harry Potter and the Cursed Child | Amazon.co.uk Shopping Basket | Shopping Basket | Paperback | £3.99 | 1 | £3.99 |" name="And basket has total price &quot;£3.99&quot;" time="0"/>
  <testcase classname="| Amazon.co.uk: Low Prices in Electronics, Books, Sports Equipment &amp; more | Books | Harry Potter and the Cursed Child | Amazon.co.uk Shopping Basket | Shopping Basket | Paperback | £3.99 | 1 | £3.99 |" name="| Amazon.co.uk: Low Prices in Electronics, Books, Sports Equipment &amp; more | Books | Harry Potter and the Cursed Child | Amazon.co.uk Shopping Basket | Shopping Basket | Paperback | £3.99 | 1 | £3.99 |" time="0.707"/>
</testsuite>