<?xml version="1.0" encoding="UTF-8" ?>
<testsuite tests="37" failures="0" name="cucumberoptions.RunCukeTest" time="2.216" errors="2" skipped="4">
  <properties>
[...]
</properties>
  <testcase classname="| Amazon.co.uk: Low Prices in Electronics, Books, Sports Equipment &amp; more | Books | Harry Potter and the Cursed Child - Parts One &amp; Two | Paperback | £3.99 |" name="Given web browser is at web page &quot;Amazon.co.uk: Low Prices in Electronics, Books, Sports Equipment &amp; more&quot;" time="0.002"/>
  <testcase classname="| Amazon.co.uk: Low Prices in Electronics, Books, Sports Equipment &amp; more | Books | Harry Potter and the Cursed Child - Parts One &amp; Two | Paperback | £3.99 |" name="And user chooses section from dropdown &quot;Books&quot;" time="0"/>
  <testcase classname="| Amazon.co.uk: Low Prices in Electronics, Books, Sports Equipment &amp; more | Books | Harry Potter and the Cursed Child - Parts One &amp; Two | Paperback | £3.99 |" name="When user enters item in search field &quot;Harry Potter and the Cursed Child - Parts One &amp; Two&quot;" time="0"/>
  <testcase classname="| Amazon.co.uk: Low Prices in Electronics, Books, Sports Equipment &amp; more | Books | Harry Potter and the Cursed Child - Parts One &amp; Two | Paperback | £3.99 |" name="Then results for item are shown &quot;Harry Potter and the Cursed Child - Parts One &amp; Two&quot;" time="0"/>
  <testcase classname="| Amazon.co.uk: Low Prices in Electronics, Books, Sports Equipment &amp; more | Books | Harry Potter and the Cursed Child - Parts One &amp; Two | Paperback | £3.99 |" name="And first item that appears in search result has type &quot;Paperback&quot;" time="0"/>
  <testcase classname="| Amazon.co.uk: Low Prices in Electronics, Books, Sports Equipment &amp; more | Books | Harry Potter and the Cursed Child - Parts One &amp; Two | Paperback | £3.99 |" name="And first item that appears in search result has price &quot;£3.99&quot;" time="0"/>
  <testcase classname="| Amazon.co.uk: Low Prices in Electronics, Books, Sports Equipment &amp; more | Books | Harry Potter and the Cursed Child - Parts One &amp; Two | Paperback | £3.99 |" name="| Amazon.co.uk: Low Prices in Electronics, Books, Sports Equipment &amp; more | Books | Harry Potter and the Cursed Child - Parts One &amp; Two | Paperback | £3.99 |" time="0.769"/>
  <testcase classname="| Amazon.co.uk: Low Prices in Electronics, Books, Sports Equipment &amp; more | Books | Harry Potter and the Cursed Child | Paperback | £3.99 |" name="Given web browser is at web page &quot;Amazon.co.uk: Low Prices in Electronics, Books, Sports Equipment &amp; more&quot;" time="0"/>
  <testcase classname="| Amazon.co.uk: Low Prices in Electronics, Books, Sports Equipment &amp; more | Books | Harry Potter and the Cursed Child | Paperback | £3.99 |" name="And user chooses section from dropdown &quot;Books&quot;" time="0"/>
  <testcase classname="| Amazon.co.uk: Low Prices in Electronics, Books, Sports Equipment &amp; more | Books | Harry Potter and the Cursed Child | Paperback | £3.99 |" name="And user enters item in search field &quot;Harry Potter and the Cursed Child&quot;" time="0"/>
  <testcase classname="| Amazon.co.uk: Low Prices in Electronics, Books, Sports Equipment &amp; more | Books | Harry Potter and the Cursed Child | Paperback | £3.99 |" name="When user clicks on first item that appears in search result" time="0"/>
  <testcase classname="| Amazon.co.uk: Low Prices in Electronics, Books, Sports Equipment &amp; more | Books | Harry Potter and the Cursed Child | Paperback | £3.99 |" name="Then new web page is loaded with item details &quot;Harry Potter and the Cursed Child&quot;" time="0"/>
  <testcase classname="| Amazon.co.uk: Low Prices in Electronics, Books, Sports Equipment &amp; more | Books | Harry Potter and the Cursed Child | Paperback | £3.99 |" name="And item has title &quot;Harry Potter and the Cursed Child&quot;" time="0"/>
  <testcase classname="| Amazon.co.uk: Low Prices in Electronics, Books, Sports Equipment &amp; more | Books | Harry Potter and the Cursed Child | Paperback | £3.99 |" name="And item has type &quot;Paperback&quot;" time="0"/>
  <testcase classname="| Amazon.co.uk: Low Prices in Electronics, Books, Sports Equipment &amp; more | Books | Harry Potter and the Cursed Child | Paperback | £3.99 |" name="And item has price &quot;£3.99&quot;" time="0"/>
  <testcase classname="| Amazon.co.uk: Low Prices in Electronics, Books, Sports Equipment &amp; more | Books | Harry Potter and the Cursed Child | Paperback | £3.99 |" name="| Amazon.co.uk: Low Prices in Electronics, Books, Sports Equipment &amp; more | Books | Harry Potter and the Cursed Child | Paperback | £3.99 |" time="0.707"/>
  <testcase classname="| Amazon.co.uk: Low Prices in Electronics, Books, Sports Equipment &amp; more | Books | Harry Potter and the Cursed Child - Parts One &amp; Two | Added to Basket | 1 |" name="Given web browser is at web page &quot;Amazon.co.uk: Low Prices in Electronics, Books, Sports Equipment &amp; more&quot;" time="0"/>
  <testcase classname="| Amazon.co.uk: Low Prices in Electronics, Books, Sports Equipment &amp; more | Books | Harry Potter and the Cursed Child - Parts One &amp; Two | Added to Basket | 1 |" name="And user chooses section from dropdown &quot;Books&quot;" time="0"/>
  <testcase classname="| Amazon.co.uk: Low Prices in Electronics, Books, Sports Equipment &amp; more | Books | Harry Potter and the Cursed Child - Parts One &amp; Two | Added to Basket | 1 |" name="And user enters item in search field &quot;Harry Potter and the Cursed Child - Parts One &amp; Two&quot;" time="0"/>
  <testcase classname="| Amazon.co.uk: Low Prices in Electronics, Books, Sports Equipment &amp; more | Books | Harry Potter and the Cursed Child - Parts One &amp; Two | Added to Basket | 1 |" name="And user clicks on first item that appears in search result" time="0"/>
  <testcase classname="| Amazon.co.uk: Low Prices in Electronics, Books, Sports Equipment &amp; more | Books | Harry Potter and the Cursed Child - Parts One &amp; Two | Added to Basket | 1 |" name="When user clicks on add button" time="0"/>
  <testcase classname="| Amazon.co.uk: Low Prices in Electronics, Books, Sports Equipment &amp; more | Books | Harry Potter and the Cursed Child - Parts One &amp; Two | Added to Basket | 1 |" name="Then notification is shown &quot;Added to Basket&quot;" time="0"/>
  <testcase classname="| Amazon.co.uk: Low Prices in Electronics, Books, Sports Equipment &amp; more | Books | Harry Potter and the Cursed Child - Parts One &amp; Two | Added to Basket | 1 |" name="And item has quantity &quot;1&quot;" time="0"/>
  <testcase classname="| Amazon.co.uk: Low Prices in Electronics, Books, Sports Equipment &amp; more | Books | Harry Potter and the Cursed Child - Parts One &amp; Two | Added to Basket | 1 |" name="| Amazon.co.uk: Low Prices in Electronics, Books, Sports Equipment &amp; more | Books | Harry Potter and the Cursed Child - Parts One &amp; Two | Added to Basket | 1 |" time="0.719"/>
  <testcase classname="| Amazon.co.uk: Low Prices in Electronics, Books, Sports Equipment &amp; more | Books | Harry Potter and the Cursed Child | Amazon.co.uk Shopping Basket | Shopping Basket | Paperback | £3.99 | 1 | £3.99 |" name="Given web browser is at web page &quot;Amazon.co.uk: Low Prices in Electronics, Books, Sports Equipment &amp; more&quot;" time="0"/>
  <testcase classname="| Amazon.co.uk: Low Prices in Electronics, Books, Sports Equipment &amp; more | Books | Harry Potter and the Cursed Child | Amazon.co.uk Shopping Basket | Shopping Basket | Paperback | £3.99 | 1 | £3.99 |" name="And user chooses section from dropdown &quot;Books&quot;" time="0"/>
  <testcase classname="| Amazon.co.uk: Low Prices in Electronics, Books, Sports Equipment &amp; more | Books | Harry Potter and the Cursed Child | Amazon.co.uk Shopping Basket | Shopping Basket | Paperback | £3.99 | 1 | £3.99 |" name="And user enters item in search field &quot;Harry Potter and the Cursed Child&quot;" time="0"/>
  <testcase classname="| Amazon.co.uk: Low Prices in Electronics, Books, Sports Equipment &amp; more | Books | Harry Potter and the Cursed Child | Amazon.co.uk Shopping Basket | Shopping Basket | Paperback | £3.99 | 1 | £3.99 |" name="And user clicks on first item that appears in search result" time="0"/>
  <testcase classname="| Amazon.co.uk: Low Prices in Electronics, Books, Sports Equipment &amp; more | Books | Harry Potter and the Cursed Child | Amazon.co.uk Shopping Basket | Shopping Basket | Paperback | £3.99 | 1 | £3.99 |" name="And user clicks on add button" time="0"/>
  <testcase classname="| Amazon.co.uk: Low Prices in Electronics, Books, Sports Equipment &amp; more | Books | Harry Potter and the Cursed Child | Amazon.co.uk Shopping Basket | Shopping Basket | Paperback | £3.99 | 1 | £3.99 |" name="When user clicks on edit button" time="0"/>
  <testcase classname="| Amazon.co.uk: Low Prices in Electronics, Books, Sports Equipment &amp; more | Books | Harry Potter and the Cursed Child | Amazon.co.uk Shopping Basket | Shopping Basket | Paperback | £3.99 | 1 | £3.99 |" name="Then new page &quot;Amazon.co.uk Shopping Basket&quot; is loaded with basket details &quot;Shopping Basket&quot;" time="0"/>
  <testcase classname="| Amazon.co.uk: Low Prices in Electronics, Books, Sports Equipment &amp; more | Books | Harry Potter and the Cursed Child | Amazon.co.uk Shopping Basket | Shopping Basket | Paperback | £3.99 | 1 | £3.99 |" name="And item has title &quot;Harry Potter and the Cursed Child&quot;" time="0.002">
    <error message="Expected condition failed: waiting for presence of element located by: By.cssSelector: #productTitle (tried for 15 second(s) with 500 MILLISECONDS interval)" type="org.openqa.selenium.TimeoutException">org.openqa.selenium.TimeoutException: Expected condition failed: waiting for presence of element located by: By.cssSelector: #productTitle (tried for 15 second(s) with 500 MILLISECONDS interval)
	at org.openqa.selenium.support.ui.WebDriverWait.timeoutException(WebDriverWait.java:80)
	at org.openqa.selenium.support.ui.FluentWait.until(FluentWait.java:232)
	at pageobjects.ItemDetailsPage.verifyItemTitle(ItemDetailsPage.java:37)
	at stepdefinitions.NavigateToItemDetails.itemHasTitle(NavigateToItemDetails.java:25)
	at ✽.And item has title &quot;Harry Potter and the Cursed Child&quot;(amazon_test.feature:54)
Caused by: org.openqa.selenium.NoSuchElementException: Cannot locate an element using By.cssSelector: #productTitle
For documentation on this error, please visit: http://seleniumhq.org/exceptions/no_such_element.html
Build info: version: &apos;3.4.0&apos;, revision: &apos;unknown&apos;, time: &apos;unknown&apos;
System info: host: &apos;ACTIVSFD-360&apos;, ip: &apos;192.168.17.111&apos;, os.name: &apos;Windows 10&apos;, os.arch: &apos;amd64&apos;, os.version: &apos;10.0&apos;, java.version: &apos;1.8.0_131&apos;
Driver info: driver.version: unknown
	at org.openqa.selenium.support.ui.ExpectedConditions.lambda$findElement$0(ExpectedConditions.java:883)
	at java.util.Optional.orElseThrow(Optional.java:290)
	at org.openqa.selenium.support.ui.ExpectedConditions.findElement(ExpectedConditions.java:882)
	at org.openqa.selenium.support.ui.ExpectedConditions.access$000(ExpectedConditions.java:44)
	at org.openqa.selenium.support.ui.ExpectedConditions$6.apply(ExpectedConditions.java:183)
	at org.openqa.selenium.support.ui.ExpectedConditions$6.apply(ExpectedConditions.java:180)
	at org.openqa.selenium.support.ui.FluentWait.until(FluentWait.java:209)
	at pageobjects.ItemDetailsPage.verifyItemTitle(ItemDetailsPage.java:37)
	at stepdefinitions.NavigateToItemDetails.itemHasTitle(NavigateToItemDetails.java:25)
	at sun.reflect.NativeMethodAccessorImpl.invoke0(Native Method)
	at sun.reflect.NativeMethodAccessorImpl.invoke(NativeMethodAccessorImpl.java:62)
	at sun.reflect.DelegatingMethodAccessorImpl.invoke(DelegatingMethodAccessorImpl.java:43)
	at java.lang.reflect.Method.invoke(Method.java:498)
	at cucumber.runtime.Utils$1.call(Utils.java:37)
	at cucumber.runtime.Timeout.timeout(Timeout.java:13)
	at cucumber.runtime.Utils.invoke(Utils.java:31)
	at cucumber.runtime.java.JavaStepDefinition.execute(JavaStepDefinition.java:37)
	at cucumber.runtime.StepDefinitionMatch.runStep(StepDefinitionMatch.java:37)
	at cucumber.runtime.Runtime.runStep(Runtime.java:298)
	at cucumber.runtime.model.StepContainer.runStep(StepContainer.java:44)
	at cucumber.runtime.model.StepContainer.runSteps(StepContainer.java:39)
	at cucumber.runtime.model.CucumberScenario.run(CucumberScenario.java:48)
	at cucumber.runtime.junit.ExecutionUnitRunner.run(ExecutionUnitRunner.java:91)
	at org.junit.runners.Suite.runChild(Suite.java:127)
	at org.junit.runners.Suite.runChild(Suite.java:26)
	at org.junit.runners.ParentRunner$3.run(ParentRunner.java:238)
	at org.junit.runners.ParentRunner$1.schedule(ParentRunner.java:63)
	at org.junit.runners.ParentRunner.runChildren(ParentRunner.java:236)
	at org.junit.runners.ParentRunner.access$000(ParentRunner.java:53)
	at org.junit.runners.ParentRunner$2.evaluate(ParentRunner.java:229)
	at org.junit.runners.ParentRunner.run(ParentRunner.java:309)
	at cucumber.runtime.junit.ExamplesRunner.run(ExamplesRunner.java:59)
	at org.junit.runners.Suite.runChild(Suite.java:127)
	at org.junit.runners.Suite.runChild(Suite.java:26)
	at org.junit.runners.ParentRunner$3.run(ParentRunner.java:238)
	at org.junit.runners.ParentRunner$1.schedule(ParentRunner.java:63)
	at org.junit.runners.ParentRunner.runChildren(ParentRunner.java:236)
	at org.junit.runners.ParentRunner.access$000(ParentRunner.java:53)
	at org.junit.runners.ParentRunner$2.evaluate(ParentRunner.java:229)
	at org.junit.runners.ParentRunner.run(ParentRunner.java:309)
	at cucumber.runtime.junit.ScenarioOutlineRunner.run(ScenarioOutlineRunner.java:53)
	at cucumber.runtime.junit.FeatureRunner.runChild(FeatureRunner.java:63)
	at cucumber.runtime.junit.FeatureRunner.runChild(FeatureRunner.java:18)
	at org.junit.runners.ParentRunner$3.run(ParentRunner.java:238)
	at org.junit.runners.ParentRunner$1.schedule(ParentRunner.java:63)
	at org.junit.runners.ParentRunner.runChildren(ParentRunner.java:236)
	at org.junit.runners.ParentRunner.access$000(ParentRunner.java:53)
	at org.junit.runners.ParentRunner$2.evaluate(ParentRunner.java:229)
	at org.junit.runners.ParentRunner.run(ParentRunner.java:309)
	at cucumber.runtime.junit.FeatureRunner.run(FeatureRunner.java:70)
	at cucumber.api.junit.Cucumber.runChild(Cucumber.java:93)
	at cucumber.api.junit.Cucumber.runChild(Cucumber.java:37)
	at org.junit.runners.ParentRunner$3.run(ParentRunner.java:238)
	at org.junit.runners.ParentRunner$1.schedule(ParentRunner.java:63)
	at org.junit.runners.ParentRunner.runChildren(ParentRunner.java:236)
	at org.junit.runners.ParentRunner.access$000(ParentRunner.java:53)
	at org.junit.runners.ParentRunner$2.evaluate(ParentRunner.java:229)
	at org.junit.runners.ParentRunner.run(ParentRunner.java:309)
	at cucumber.api.junit.Cucumber.run(Cucumber.java:98)
	at org.apache.maven.surefire.junit4.JUnit4Provider.execute(JUnit4Provider.java:252)
	at org.apache.maven.surefire.junit4.JUnit4Provider.executeTestSet(JUnit4Provider.java:141)
	at org.apache.maven.surefire.junit4.JUnit4Provider.invoke(JUnit4Provider.java:112)
	at sun.reflect.NativeMethodAccessorImpl.invoke0(Native Method)
	at sun.reflect.NativeMethodAccessorImpl.invoke(NativeMethodAccessorImpl.java:62)
	at sun.reflect.DelegatingMethodAccessorImpl.invoke(DelegatingMethodAccessorImpl.java:43)
	at java.lang.reflect.Method.invoke(Method.java:498)
	at org.apache.maven.surefire.util.ReflectionUtils.invokeMethodWithArray(ReflectionUtils.java:189)
	at org.apache.maven.surefire.booter.ProviderFactory$ProviderProxy.invoke(ProviderFactory.java:165)
	at org.apache.maven.surefire.booter.ProviderFactory.invokeProvider(ProviderFactory.java:85)
	at org.apache.maven.surefire.booter.ForkedBooter.runSuitesInProcess(ForkedBooter.java:115)
	at org.apache.maven.surefire.booter.ForkedBooter.main(ForkedBooter.java:75)
</error>
  </testcase>
  <testcase classname="| Amazon.co.uk: Low Prices in Electronics, Books, Sports Equipment &amp; more | Books | Harry Potter and the Cursed Child | Amazon.co.uk Shopping Basket | Shopping Basket | Paperback | £3.99 | 1 | £3.99 |" name="| Amazon.co.uk: Low Prices in Electronics, Books, Sports Equipment &amp; more | Books | Harry Potter and the Cursed Child | Amazon.co.uk Shopping Basket | Shopping Basket | Paperback | £3.99 | 1 | £3.99 |" time="0.003">
    <error message="Expected condition failed: waiting for presence of element located by: By.cssSelector: #productTitle (tried for 15 second(s) with 500 MILLISECONDS interval)" type="org.openqa.selenium.TimeoutException">org.openqa.selenium.TimeoutException: Expected condition failed: waiting for presence of element located by: By.cssSelector: #productTitle (tried for 15 second(s) with 500 MILLISECONDS interval)
	at org.openqa.selenium.support.ui.WebDriverWait.timeoutException(WebDriverWait.java:80)
	at org.openqa.selenium.support.ui.FluentWait.until(FluentWait.java:232)
	at pageobjects.ItemDetailsPage.verifyItemTitle(ItemDetailsPage.java:37)
	at stepdefinitions.NavigateToItemDetails.itemHasTitle(NavigateToItemDetails.java:25)
	at ✽.And item has title &quot;Harry Potter and the Cursed Child&quot;(amazon_test.feature:54)
Caused by: org.openqa.selenium.NoSuchElementException: Cannot locate an element using By.cssSelector: #productTitle
For documentation on this error, please visit: http://seleniumhq.org/exceptions/no_such_element.html
Build info: version: &apos;3.4.0&apos;, revision: &apos;unknown&apos;, time: &apos;unknown&apos;
System info: host: &apos;ACTIVSFD-360&apos;, ip: &apos;192.168.17.111&apos;, os.name: &apos;Windows 10&apos;, os.arch: &apos;amd64&apos;, os.version: &apos;10.0&apos;, java.version: &apos;1.8.0_131&apos;
Driver info: driver.version: unknown
	at org.openqa.selenium.support.ui.ExpectedConditions.lambda$findElement$0(ExpectedConditions.java:883)
	at java.util.Optional.orElseThrow(Optional.java:290)
	at org.openqa.selenium.support.ui.ExpectedConditions.findElement(ExpectedConditions.java:882)
	at org.openqa.selenium.support.ui.ExpectedConditions.access$000(ExpectedConditions.java:44)
	at org.openqa.selenium.support.ui.ExpectedConditions$6.apply(ExpectedConditions.java:183)
	at org.openqa.selenium.support.ui.ExpectedConditions$6.apply(ExpectedConditions.java:180)
	at org.openqa.selenium.support.ui.FluentWait.until(FluentWait.java:209)
	at pageobjects.ItemDetailsPage.verifyItemTitle(ItemDetailsPage.java:37)
	at stepdefinitions.NavigateToItemDetails.itemHasTitle(NavigateToItemDetails.java:25)
	at sun.reflect.NativeMethodAccessorImpl.invoke0(Native Method)
	at sun.reflect.NativeMethodAccessorImpl.invoke(NativeMethodAccessorImpl.java:62)
	at sun.reflect.DelegatingMethodAccessorImpl.invoke(DelegatingMethodAccessorImpl.java:43)
	at java.lang.reflect.Method.invoke(Method.java:498)
	at cucumber.runtime.Utils$1.call(Utils.java:37)
	at cucumber.runtime.Timeout.timeout(Timeout.java:13)
	at cucumber.runtime.Utils.invoke(Utils.java:31)
	at cucumber.runtime.java.JavaStepDefinition.execute(JavaStepDefinition.java:37)
	at cucumber.runtime.StepDefinitionMatch.runStep(StepDefinitionMatch.java:37)
	at cucumber.runtime.Runtime.runStep(Runtime.java:298)
	at cucumber.runtime.model.StepContainer.runStep(StepContainer.java:44)
	at cucumber.runtime.model.StepContainer.runSteps(StepContainer.java:39)
	at cucumber.runtime.model.CucumberScenario.run(CucumberScenario.java:48)
	at cucumber.runtime.junit.ExecutionUnitRunner.run(ExecutionUnitRunner.java:91)
	at org.junit.runners.Suite.runChild(Suite.java:127)
	at org.junit.runners.Suite.runChild(Suite.java:26)
	at org.junit.runners.ParentRunner$3.run(ParentRunner.java:238)
	at org.junit.runners.ParentRunner$1.schedule(ParentRunner.java:63)
	at org.junit.runners.ParentRunner.runChildren(ParentRunner.java:236)
	at org.junit.runners.ParentRunner.access$000(ParentRunner.java:53)
	at org.junit.runners.ParentRunner$2.evaluate(ParentRunner.java:229)
	at org.junit.runners.ParentRunner.run(ParentRunner.java:309)
	at cucumber.runtime.junit.ExamplesRunner.run(ExamplesRunner.java:59)
	at org.junit.runners.Suite.runChild(Suite.java:127)
	at org.junit.runners.Suite.runChild(Suite.java:26)
	at org.junit.runners.ParentRunner$3.run(ParentRunner.java:238)
	at org.junit.runners.ParentRunner$1.schedule(ParentRunner.java:63)
	at org.junit.runners.ParentRunner.runChildren(ParentRunner.java:236)
	at org.junit.runners.ParentRunner.access$000(ParentRunner.java:53)
	at org.junit.runners.ParentRunner$2.evaluate(ParentRunner.java:229)
	at org.junit.runners.ParentRunner.run(ParentRunner.java:309)
	at cucumber.runtime.junit.ScenarioOutlineRunner.run(ScenarioOutlineRunner.java:53)
	at cucumber.runtime.junit.FeatureRunner.runChild(FeatureRunner.java:63)
	at cucumber.runtime.junit.FeatureRunner.runChild(FeatureRunner.java:18)
	at org.junit.runners.ParentRunner$3.run(ParentRunner.java:238)
	at org.junit.runners.ParentRunner$1.schedule(ParentRunner.java:63)
	at org.junit.runners.ParentRunner.runChildren(ParentRunner.java:236)
	at org.junit.runners.ParentRunner.access$000(ParentRunner.java:53)
	at org.junit.runners.ParentRunner$2.evaluate(ParentRunner.java:229)
	at org.junit.runners.ParentRunner.run(ParentRunner.java:309)
	at cucumber.runtime.junit.FeatureRunner.run(FeatureRunner.java:70)
	at cucumber.api.junit.Cucumber.runChild(Cucumber.java:93)
	at cucumber.api.junit.Cucumber.runChild(Cucumber.java:37)
	at org.junit.runners.ParentRunner$3.run(ParentRunner.java:238)
	at org.junit.runners.ParentRunner$1.schedule(ParentRunner.java:63)
	at org.junit.runners.ParentRunner.runChildren(ParentRunner.java:236)
	at org.junit.runners.ParentRunner.access$000(ParentRunner.java:53)
	at org.junit.runners.ParentRunner$2.evaluate(ParentRunner.java:229)
	at org.junit.runners.ParentRunner.run(ParentRunner.java:309)
	at cucumber.api.junit.Cucumber.run(Cucumber.java:98)
	at org.apache.maven.surefire.junit4.JUnit4Provider.execute(JUnit4Provider.java:252)
	at org.apache.maven.surefire.junit4.JUnit4Provider.executeTestSet(JUnit4Provider.java:141)
	at org.apache.maven.surefire.junit4.JUnit4Provider.invoke(JUnit4Provider.java:112)
	at sun.reflect.NativeMethodAccessorImpl.invoke0(Native Method)
	at sun.reflect.NativeMethodAccessorImpl.invoke(NativeMethodAccessorImpl.java:62)
	at sun.reflect.DelegatingMethodAccessorImpl.invoke(DelegatingMethodAccessorImpl.java:43)
	at java.lang.reflect.Method.invoke(Method.java:498)
	at org.apache.maven.surefire.util.ReflectionUtils.invokeMethodWithArray(ReflectionUtils.java:189)
	at org.apache.maven.surefire.booter.ProviderFactory$ProviderProxy.invoke(ProviderFactory.java:165)
	at org.apache.maven.surefire.booter.ProviderFactory.invokeProvider(ProviderFactory.java:85)
	at org.apache.maven.surefire.booter.ForkedBooter.runSuitesInProcess(ForkedBooter.java:115)
	at org.apache.maven.surefire.booter.ForkedBooter.main(ForkedBooter.java:75)
</error>
  </testcase>
  <testcase classname="| Amazon.co.uk: Low Prices in Electronics, Books, Sports Equipment &amp; more | Books | Harry Potter and the Cursed Child | Amazon.co.uk Shopping Basket | Shopping Basket | Paperback | £3.99 | 1 | £3.99 |" name="And item has type &quot;Paperback&quot;" time="0.003">
    <skipped/>
  </testcase>
  <testcase classname="| Amazon.co.uk: Low Prices in Electronics, Books, Sports Equipment &amp; more | Books | Harry Potter and the Cursed Child | Amazon.co.uk Shopping Basket | Shopping Basket | Paperback | £3.99 | 1 | £3.99 |" name="And item has price &quot;£3.99&quot;" time="0.003">
    <skipped/>
  </testcase>
  <testcase classname="| Amazon.co.uk: Low Prices in Electronics, Books, Sports Equipment &amp; more | Books | Harry Potter and the Cursed Child | Amazon.co.uk Shopping Basket | Shopping Basket | Paperback | £3.99 | 1 | £3.99 |" name="And item has quantity &quot;1&quot;" time="0.004">
    <skipped/>
  </testcase>
  <testcase classname="| Amazon.co.uk: Low Prices in Electronics, Books, Sports Equipment &amp; more | Books | Harry Potter and the Cursed Child | Amazon.co.uk Shopping Basket | Shopping Basket | Paperback | £3.99 | 1 | £3.99 |" name="And basket has total price &quot;£3.99&quot;" time="0.004">
    <skipped/>
  </testcase>
</testsuite>